{"/Users/rafiatha/Documents/Jatis/SDK-login-jatis/auth.js": {"path":"/Users/rafiatha/Documents/Jatis/SDK-login-jatis/auth.js","statementMap":{"0":{"start":{"line":2,"column":13},"end":{"line":2,"column":36}},"1":{"start":{"line":5,"column":24},"end":{"line":5,"column":44}},"2":{"start":{"line":6,"column":2},"end":{"line":52,"column":3}},"3":{"start":{"line":7,"column":4},"end":{"line":7,"column":32}},"4":{"start":{"line":8,"column":26},"end":{"line":8,"column":61}},"5":{"start":{"line":9,"column":21},"end":{"line":9,"column":89}},"6":{"start":{"line":10,"column":4},"end":{"line":10,"column":36}},"7":{"start":{"line":12,"column":20},"end":{"line":12,"column":24}},"8":{"start":{"line":13,"column":19},"end":{"line":13,"column":20}},"9":{"start":{"line":14,"column":24},"end":{"line":14,"column":26}},"10":{"start":{"line":15,"column":21},"end":{"line":41,"column":12}},"11":{"start":{"line":16,"column":6},"end":{"line":16,"column":59}},"12":{"start":{"line":17,"column":6},"end":{"line":40,"column":7}},"13":{"start":{"line":18,"column":8},"end":{"line":36,"column":13}},"14":{"start":{"line":20,"column":12},"end":{"line":31,"column":13}},"15":{"start":{"line":21,"column":14},"end":{"line":29,"column":15}},"16":{"start":{"line":22,"column":16},"end":{"line":22,"column":40}},"17":{"start":{"line":23,"column":16},"end":{"line":23,"column":63}},"18":{"start":{"line":24,"column":16},"end":{"line":24,"column":34}},"19":{"start":{"line":25,"column":16},"end":{"line":28,"column":18}},"20":{"start":{"line":30,"column":14},"end":{"line":30,"column":25}},"21":{"start":{"line":34,"column":12},"end":{"line":34,"column":65}},"22":{"start":{"line":35,"column":12},"end":{"line":35,"column":23}},"23":{"start":{"line":38,"column":8},"end":{"line":38,"column":32}},"24":{"start":{"line":39,"column":8},"end":{"line":39,"column":78}},"25":{"start":{"line":44,"column":4},"end":{"line":49,"column":14}},"26":{"start":{"line":45,"column":6},"end":{"line":45,"column":30}},"27":{"start":{"line":46,"column":6},"end":{"line":48,"column":7}},"28":{"start":{"line":47,"column":8},"end":{"line":47,"column":61}},"29":{"start":{"line":51,"column":4},"end":{"line":51,"column":57}},"30":{"start":{"line":56,"column":2},"end":{"line":72,"column":7}},"31":{"start":{"line":60,"column":6},"end":{"line":67,"column":7}},"32":{"start":{"line":61,"column":8},"end":{"line":61,"column":31}},"33":{"start":{"line":62,"column":13},"end":{"line":67,"column":7}},"34":{"start":{"line":63,"column":8},"end":{"line":63,"column":56}},"35":{"start":{"line":64,"column":8},"end":{"line":64,"column":20}},"36":{"start":{"line":66,"column":8},"end":{"line":66,"column":74}},"37":{"start":{"line":70,"column":6},"end":{"line":70,"column":36}},"38":{"start":{"line":71,"column":6},"end":{"line":71,"column":18}},"39":{"start":{"line":76,"column":24},"end":{"line":76,"column":44}},"40":{"start":{"line":77,"column":2},"end":{"line":77,"column":41}},"41":{"start":{"line":78,"column":2},"end":{"line":82,"column":3}},"42":{"start":{"line":79,"column":4},"end":{"line":79,"column":41}},"43":{"start":{"line":81,"column":4},"end":{"line":81,"column":37}},"44":{"start":{"line":86,"column":20},"end":{"line":86,"column":46}},"45":{"start":{"line":87,"column":2},"end":{"line":92,"column":3}},"46":{"start":{"line":87,"column":15},"end":{"line":87,"column":16}},"47":{"start":{"line":88,"column":21},"end":{"line":88,"column":46}},"48":{"start":{"line":89,"column":4},"end":{"line":91,"column":5}},"49":{"start":{"line":90,"column":6},"end":{"line":90,"column":47}},"50":{"start":{"line":93,"column":2},"end":{"line":93,"column":15}},"51":{"start":{"line":97,"column":16},"end":{"line":97,"column":18}},"52":{"start":{"line":98,"column":2},"end":{"line":102,"column":3}},"53":{"start":{"line":99,"column":15},"end":{"line":99,"column":25}},"54":{"start":{"line":100,"column":4},"end":{"line":100,"column":62}},"55":{"start":{"line":101,"column":4},"end":{"line":101,"column":48}},"56":{"start":{"line":103,"column":2},"end":{"line":103,"column":70}},"57":{"start":{"line":108,"column":4},"end":{"line":109,"column":47}},"58":{"start":{"line":110,"column":2},"end":{"line":110,"column":37}},"59":{"start":{"line":111,"column":2},"end":{"line":111,"column":21}},"60":{"start":{"line":115,"column":2},"end":{"line":115,"column":50}},"61":{"start":{"line":119,"column":2},"end":{"line":119,"column":26}},"62":{"start":{"line":120,"column":2},"end":{"line":120,"column":24}},"63":{"start":{"line":121,"column":2},"end":{"line":135,"column":7}},"64":{"start":{"line":123,"column":6},"end":{"line":127,"column":7}},"65":{"start":{"line":124,"column":8},"end":{"line":124,"column":15}},"66":{"start":{"line":126,"column":8},"end":{"line":126,"column":49}},"67":{"start":{"line":130,"column":6},"end":{"line":130,"column":45}},"68":{"start":{"line":131,"column":6},"end":{"line":131,"column":31}},"69":{"start":{"line":134,"column":6},"end":{"line":134,"column":51}},"70":{"start":{"line":138,"column":0},"end":{"line":147,"column":2}}},"fnMap":{"0":{"name":"login","decl":{"start":{"line":4,"column":9},"end":{"line":4,"column":14}},"loc":{"start":{"line":4,"column":25},"end":{"line":53,"column":1}},"line":4},"1":{"name":"(anonymous_1)","decl":{"start":{"line":15,"column":33},"end":{"line":15,"column":34}},"loc":{"start":{"line":15,"column":39},"end":{"line":41,"column":5}},"line":15},"2":{"name":"(anonymous_2)","decl":{"start":{"line":19,"column":16},"end":{"line":19,"column":17}},"loc":{"start":{"line":19,"column":35},"end":{"line":32,"column":11}},"line":19},"3":{"name":"(anonymous_3)","decl":{"start":{"line":33,"column":17},"end":{"line":33,"column":18}},"loc":{"start":{"line":33,"column":28},"end":{"line":36,"column":11}},"line":33},"4":{"name":"(anonymous_4)","decl":{"start":{"line":44,"column":15},"end":{"line":44,"column":16}},"loc":{"start":{"line":44,"column":21},"end":{"line":49,"column":5}},"line":44},"5":{"name":"fetchAccessToken","decl":{"start":{"line":55,"column":15},"end":{"line":55,"column":31}},"loc":{"start":{"line":55,"column":51},"end":{"line":73,"column":1}},"line":55},"6":{"name":"(anonymous_6)","decl":{"start":{"line":59,"column":10},"end":{"line":59,"column":11}},"loc":{"start":{"line":59,"column":24},"end":{"line":68,"column":5}},"line":59},"7":{"name":"(anonymous_7)","decl":{"start":{"line":69,"column":11},"end":{"line":69,"column":12}},"loc":{"start":{"line":69,"column":22},"end":{"line":72,"column":5}},"line":69},"8":{"name":"logout","decl":{"start":{"line":75,"column":9},"end":{"line":75,"column":15}},"loc":{"start":{"line":75,"column":26},"end":{"line":83,"column":1}},"line":75},"9":{"name":"getCookie","decl":{"start":{"line":85,"column":9},"end":{"line":85,"column":18}},"loc":{"start":{"line":85,"column":25},"end":{"line":94,"column":1}},"line":85},"10":{"name":"setCookie","decl":{"start":{"line":96,"column":9},"end":{"line":96,"column":18}},"loc":{"start":{"line":96,"column":38},"end":{"line":104,"column":1}},"line":96},"11":{"name":"generateRandomCookie","decl":{"start":{"line":106,"column":9},"end":{"line":106,"column":29}},"loc":{"start":{"line":106,"column":42},"end":{"line":112,"column":1}},"line":106},"12":{"name":"deleteCookie","decl":{"start":{"line":114,"column":9},"end":{"line":114,"column":21}},"loc":{"start":{"line":114,"column":28},"end":{"line":116,"column":1}},"line":114},"13":{"name":"fetchLogout","decl":{"start":{"line":118,"column":9},"end":{"line":118,"column":20}},"loc":{"start":{"line":118,"column":40},"end":{"line":136,"column":1}},"line":118},"14":{"name":"(anonymous_14)","decl":{"start":{"line":122,"column":10},"end":{"line":122,"column":11}},"loc":{"start":{"line":122,"column":24},"end":{"line":128,"column":5}},"line":122},"15":{"name":"(anonymous_15)","decl":{"start":{"line":129,"column":10},"end":{"line":129,"column":11}},"loc":{"start":{"line":129,"column":20},"end":{"line":132,"column":5}},"line":129},"16":{"name":"(anonymous_16)","decl":{"start":{"line":133,"column":11},"end":{"line":133,"column":12}},"loc":{"start":{"line":133,"column":22},"end":{"line":135,"column":5}},"line":133}},"branchMap":{"0":{"loc":{"start":{"line":6,"column":2},"end":{"line":52,"column":3}},"type":"if","locations":[{"start":{"line":6,"column":2},"end":{"line":52,"column":3}},{"start":{"line":50,"column":9},"end":{"line":52,"column":3}}],"line":6},"1":{"loc":{"start":{"line":17,"column":6},"end":{"line":40,"column":7}},"type":"if","locations":[{"start":{"line":17,"column":6},"end":{"line":40,"column":7}},{"start":{"line":37,"column":13},"end":{"line":40,"column":7}}],"line":17},"2":{"loc":{"start":{"line":20,"column":12},"end":{"line":31,"column":13}},"type":"if","locations":[{"start":{"line":20,"column":12},"end":{"line":31,"column":13}},{"start":{},"end":{}}],"line":20},"3":{"loc":{"start":{"line":21,"column":14},"end":{"line":29,"column":15}},"type":"if","locations":[{"start":{"line":21,"column":14},"end":{"line":29,"column":15}},{"start":{},"end":{}}],"line":21},"4":{"loc":{"start":{"line":46,"column":6},"end":{"line":48,"column":7}},"type":"if","locations":[{"start":{"line":46,"column":6},"end":{"line":48,"column":7}},{"start":{},"end":{}}],"line":46},"5":{"loc":{"start":{"line":60,"column":6},"end":{"line":67,"column":7}},"type":"if","locations":[{"start":{"line":60,"column":6},"end":{"line":67,"column":7}},{"start":{"line":62,"column":13},"end":{"line":67,"column":7}}],"line":60},"6":{"loc":{"start":{"line":62,"column":13},"end":{"line":67,"column":7}},"type":"if","locations":[{"start":{"line":62,"column":13},"end":{"line":67,"column":7}},{"start":{"line":65,"column":13},"end":{"line":67,"column":7}}],"line":62},"7":{"loc":{"start":{"line":78,"column":2},"end":{"line":82,"column":3}},"type":"if","locations":[{"start":{"line":78,"column":2},"end":{"line":82,"column":3}},{"start":{"line":80,"column":9},"end":{"line":82,"column":3}}],"line":78},"8":{"loc":{"start":{"line":89,"column":4},"end":{"line":91,"column":5}},"type":"if","locations":[{"start":{"line":89,"column":4},"end":{"line":91,"column":5}},{"start":{},"end":{}}],"line":89},"9":{"loc":{"start":{"line":98,"column":2},"end":{"line":102,"column":3}},"type":"if","locations":[{"start":{"line":98,"column":2},"end":{"line":102,"column":3}},{"start":{},"end":{}}],"line":98},"10":{"loc":{"start":{"line":103,"column":34},"end":{"line":103,"column":45}},"type":"binary-expr","locations":[{"start":{"line":103,"column":34},"end":{"line":103,"column":39}},{"start":{"line":103,"column":43},"end":{"line":103,"column":45}}],"line":103},"11":{"loc":{"start":{"line":123,"column":6},"end":{"line":127,"column":7}},"type":"if","locations":[{"start":{"line":123,"column":6},"end":{"line":127,"column":7}},{"start":{"line":125,"column":13},"end":{"line":127,"column":7}}],"line":123}},"s":{"0":1,"1":2,"2":2,"3":1,"4":1,"5":1,"6":1,"7":1,"8":1,"9":1,"10":1,"11":15,"12":15,"13":15,"14":0,"15":0,"16":0,"17":0,"18":0,"19":0,"20":0,"21":15,"22":15,"23":0,"24":0,"25":1,"26":1,"27":1,"28":1,"29":1,"30":18,"31":18,"32":16,"33":2,"34":1,"35":1,"36":1,"37":16,"38":16,"39":2,"40":2,"41":2,"42":1,"43":1,"44":7,"45":7,"46":7,"47":13,"48":13,"49":3,"50":4,"51":6,"52":6,"53":6,"54":6,"55":6,"56":6,"57":2,"58":2,"59":2,"60":3,"61":1,"62":1,"63":1,"64":1,"65":1,"66":0,"67":1,"68":1,"69":0,"70":1},"f":{"0":2,"1":15,"2":0,"3":15,"4":1,"5":18,"6":18,"7":16,"8":2,"9":7,"10":6,"11":2,"12":3,"13":1,"14":1,"15":1,"16":0},"b":{"0":[1,1],"1":[15,0],"2":[0,0],"3":[0,0],"4":[1,0],"5":[16,2],"6":[1,1],"7":[1,1],"8":[3,10],"9":[6,0],"10":[6,0],"11":[1,0]},"_coverageSchema":"1a1c01bbd47fc00a2c39e90264f33305004495a9","hash":"3797272078fb8b0798574facf4f8c4e6f9d085d2"}
}
