{"/home/linothomas/golang/jatis_cloudapi/SDK_login/auth.js": {"path":"/home/linothomas/golang/jatis_cloudapi/SDK_login/auth.js","statementMap":{"0":{"start":{"line":2,"column":13},"end":{"line":2,"column":36}},"1":{"start":{"line":5,"column":24},"end":{"line":5,"column":44}},"2":{"start":{"line":6,"column":2},"end":{"line":49,"column":3}},"3":{"start":{"line":7,"column":26},"end":{"line":7,"column":61}},"4":{"start":{"line":8,"column":21},"end":{"line":8,"column":89}},"5":{"start":{"line":9,"column":4},"end":{"line":9,"column":36}},"6":{"start":{"line":11,"column":20},"end":{"line":11,"column":24}},"7":{"start":{"line":12,"column":19},"end":{"line":12,"column":20}},"8":{"start":{"line":13,"column":24},"end":{"line":13,"column":26}},"9":{"start":{"line":14,"column":21},"end":{"line":40,"column":12}},"10":{"start":{"line":15,"column":6},"end":{"line":15,"column":59}},"11":{"start":{"line":16,"column":6},"end":{"line":39,"column":7}},"12":{"start":{"line":17,"column":8},"end":{"line":35,"column":13}},"13":{"start":{"line":19,"column":12},"end":{"line":30,"column":13}},"14":{"start":{"line":20,"column":14},"end":{"line":28,"column":15}},"15":{"start":{"line":21,"column":16},"end":{"line":21,"column":40}},"16":{"start":{"line":22,"column":16},"end":{"line":22,"column":63}},"17":{"start":{"line":23,"column":16},"end":{"line":23,"column":34}},"18":{"start":{"line":24,"column":16},"end":{"line":27,"column":18}},"19":{"start":{"line":29,"column":14},"end":{"line":29,"column":25}},"20":{"start":{"line":33,"column":12},"end":{"line":33,"column":65}},"21":{"start":{"line":34,"column":12},"end":{"line":34,"column":23}},"22":{"start":{"line":37,"column":8},"end":{"line":37,"column":32}},"23":{"start":{"line":38,"column":8},"end":{"line":38,"column":78}},"24":{"start":{"line":43,"column":4},"end":{"line":48,"column":14}},"25":{"start":{"line":44,"column":6},"end":{"line":44,"column":30}},"26":{"start":{"line":45,"column":6},"end":{"line":47,"column":7}},"27":{"start":{"line":46,"column":8},"end":{"line":46,"column":61}},"28":{"start":{"line":53,"column":2},"end":{"line":69,"column":7}},"29":{"start":{"line":57,"column":6},"end":{"line":64,"column":7}},"30":{"start":{"line":58,"column":8},"end":{"line":58,"column":31}},"31":{"start":{"line":59,"column":13},"end":{"line":64,"column":7}},"32":{"start":{"line":60,"column":8},"end":{"line":60,"column":54}},"33":{"start":{"line":61,"column":8},"end":{"line":61,"column":20}},"34":{"start":{"line":63,"column":8},"end":{"line":63,"column":74}},"35":{"start":{"line":67,"column":6},"end":{"line":67,"column":34}},"36":{"start":{"line":68,"column":6},"end":{"line":68,"column":17}},"37":{"start":{"line":73,"column":24},"end":{"line":73,"column":44}},"38":{"start":{"line":74,"column":2},"end":{"line":76,"column":3}},"39":{"start":{"line":75,"column":4},"end":{"line":75,"column":47}},"40":{"start":{"line":80,"column":20},"end":{"line":80,"column":46}},"41":{"start":{"line":81,"column":2},"end":{"line":86,"column":3}},"42":{"start":{"line":81,"column":15},"end":{"line":81,"column":16}},"43":{"start":{"line":82,"column":21},"end":{"line":82,"column":46}},"44":{"start":{"line":83,"column":4},"end":{"line":85,"column":5}},"45":{"start":{"line":84,"column":6},"end":{"line":84,"column":47}},"46":{"start":{"line":87,"column":2},"end":{"line":87,"column":14}},"47":{"start":{"line":91,"column":16},"end":{"line":91,"column":18}},"48":{"start":{"line":92,"column":2},"end":{"line":96,"column":3}},"49":{"start":{"line":93,"column":15},"end":{"line":93,"column":25}},"50":{"start":{"line":94,"column":4},"end":{"line":94,"column":62}},"51":{"start":{"line":95,"column":4},"end":{"line":95,"column":48}},"52":{"start":{"line":97,"column":2},"end":{"line":97,"column":70}},"53":{"start":{"line":102,"column":4},"end":{"line":103,"column":47}},"54":{"start":{"line":104,"column":2},"end":{"line":104,"column":37}},"55":{"start":{"line":105,"column":2},"end":{"line":105,"column":21}},"56":{"start":{"line":109,"column":2},"end":{"line":109,"column":26}},"57":{"start":{"line":110,"column":2},"end":{"line":110,"column":24}},"58":{"start":{"line":111,"column":2},"end":{"line":120,"column":7}},"59":{"start":{"line":113,"column":6},"end":{"line":115,"column":7}},"60":{"start":{"line":114,"column":8},"end":{"line":114,"column":15}},"61":{"start":{"line":118,"column":6},"end":{"line":118,"column":40}},"62":{"start":{"line":119,"column":6},"end":{"line":119,"column":31}},"63":{"start":{"line":124,"column":2},"end":{"line":124,"column":50}},"64":{"start":{"line":127,"column":21},"end":{"line":129,"column":1}},"65":{"start":{"line":128,"column":2},"end":{"line":128,"column":15}},"66":{"start":{"line":131,"column":0},"end":{"line":136,"column":2}}},"fnMap":{"0":{"name":"login","decl":{"start":{"line":4,"column":9},"end":{"line":4,"column":14}},"loc":{"start":{"line":4,"column":25},"end":{"line":50,"column":1}},"line":4},"1":{"name":"(anonymous_1)","decl":{"start":{"line":14,"column":33},"end":{"line":14,"column":34}},"loc":{"start":{"line":14,"column":39},"end":{"line":40,"column":5}},"line":14},"2":{"name":"(anonymous_2)","decl":{"start":{"line":18,"column":16},"end":{"line":18,"column":17}},"loc":{"start":{"line":18,"column":35},"end":{"line":31,"column":11}},"line":18},"3":{"name":"(anonymous_3)","decl":{"start":{"line":32,"column":17},"end":{"line":32,"column":18}},"loc":{"start":{"line":32,"column":28},"end":{"line":35,"column":11}},"line":32},"4":{"name":"(anonymous_4)","decl":{"start":{"line":43,"column":15},"end":{"line":43,"column":16}},"loc":{"start":{"line":43,"column":21},"end":{"line":48,"column":5}},"line":43},"5":{"name":"fetchAccessToken","decl":{"start":{"line":52,"column":15},"end":{"line":52,"column":31}},"loc":{"start":{"line":52,"column":51},"end":{"line":70,"column":1}},"line":52},"6":{"name":"(anonymous_6)","decl":{"start":{"line":56,"column":10},"end":{"line":56,"column":11}},"loc":{"start":{"line":56,"column":24},"end":{"line":65,"column":5}},"line":56},"7":{"name":"(anonymous_7)","decl":{"start":{"line":66,"column":11},"end":{"line":66,"column":12}},"loc":{"start":{"line":66,"column":22},"end":{"line":69,"column":5}},"line":66},"8":{"name":"logout","decl":{"start":{"line":72,"column":9},"end":{"line":72,"column":15}},"loc":{"start":{"line":72,"column":32},"end":{"line":77,"column":1}},"line":72},"9":{"name":"getCookie","decl":{"start":{"line":79,"column":9},"end":{"line":79,"column":18}},"loc":{"start":{"line":79,"column":25},"end":{"line":88,"column":1}},"line":79},"10":{"name":"setCookie","decl":{"start":{"line":90,"column":9},"end":{"line":90,"column":18}},"loc":{"start":{"line":90,"column":38},"end":{"line":98,"column":1}},"line":90},"11":{"name":"generateRandomCookie","decl":{"start":{"line":100,"column":9},"end":{"line":100,"column":29}},"loc":{"start":{"line":100,"column":42},"end":{"line":106,"column":1}},"line":100},"12":{"name":"fetchLogout","decl":{"start":{"line":108,"column":9},"end":{"line":108,"column":20}},"loc":{"start":{"line":108,"column":40},"end":{"line":121,"column":1}},"line":108},"13":{"name":"(anonymous_13)","decl":{"start":{"line":112,"column":10},"end":{"line":112,"column":11}},"loc":{"start":{"line":112,"column":24},"end":{"line":116,"column":5}},"line":112},"14":{"name":"(anonymous_14)","decl":{"start":{"line":117,"column":10},"end":{"line":117,"column":11}},"loc":{"start":{"line":117,"column":20},"end":{"line":120,"column":5}},"line":117},"15":{"name":"deleteCookie","decl":{"start":{"line":123,"column":9},"end":{"line":123,"column":21}},"loc":{"start":{"line":123,"column":28},"end":{"line":125,"column":1}},"line":123},"16":{"name":"(anonymous_16)","decl":{"start":{"line":127,"column":21},"end":{"line":127,"column":22}},"loc":{"start":{"line":127,"column":31},"end":{"line":129,"column":1}},"line":127}},"branchMap":{"0":{"loc":{"start":{"line":6,"column":2},"end":{"line":49,"column":3}},"type":"if","locations":[{"start":{"line":6,"column":2},"end":{"line":49,"column":3}},{"start":{},"end":{}}],"line":6},"1":{"loc":{"start":{"line":16,"column":6},"end":{"line":39,"column":7}},"type":"if","locations":[{"start":{"line":16,"column":6},"end":{"line":39,"column":7}},{"start":{"line":36,"column":13},"end":{"line":39,"column":7}}],"line":16},"2":{"loc":{"start":{"line":19,"column":12},"end":{"line":30,"column":13}},"type":"if","locations":[{"start":{"line":19,"column":12},"end":{"line":30,"column":13}},{"start":{},"end":{}}],"line":19},"3":{"loc":{"start":{"line":20,"column":14},"end":{"line":28,"column":15}},"type":"if","locations":[{"start":{"line":20,"column":14},"end":{"line":28,"column":15}},{"start":{},"end":{}}],"line":20},"4":{"loc":{"start":{"line":45,"column":6},"end":{"line":47,"column":7}},"type":"if","locations":[{"start":{"line":45,"column":6},"end":{"line":47,"column":7}},{"start":{},"end":{}}],"line":45},"5":{"loc":{"start":{"line":57,"column":6},"end":{"line":64,"column":7}},"type":"if","locations":[{"start":{"line":57,"column":6},"end":{"line":64,"column":7}},{"start":{"line":59,"column":13},"end":{"line":64,"column":7}}],"line":57},"6":{"loc":{"start":{"line":59,"column":13},"end":{"line":64,"column":7}},"type":"if","locations":[{"start":{"line":59,"column":13},"end":{"line":64,"column":7}},{"start":{"line":62,"column":13},"end":{"line":64,"column":7}}],"line":59},"7":{"loc":{"start":{"line":74,"column":2},"end":{"line":76,"column":3}},"type":"if","locations":[{"start":{"line":74,"column":2},"end":{"line":76,"column":3}},{"start":{},"end":{}}],"line":74},"8":{"loc":{"start":{"line":83,"column":4},"end":{"line":85,"column":5}},"type":"if","locations":[{"start":{"line":83,"column":4},"end":{"line":85,"column":5}},{"start":{},"end":{}}],"line":83},"9":{"loc":{"start":{"line":92,"column":2},"end":{"line":96,"column":3}},"type":"if","locations":[{"start":{"line":92,"column":2},"end":{"line":96,"column":3}},{"start":{},"end":{}}],"line":92},"10":{"loc":{"start":{"line":97,"column":34},"end":{"line":97,"column":45}},"type":"binary-expr","locations":[{"start":{"line":97,"column":34},"end":{"line":97,"column":39}},{"start":{"line":97,"column":43},"end":{"line":97,"column":45}}],"line":97},"11":{"loc":{"start":{"line":113,"column":6},"end":{"line":115,"column":7}},"type":"if","locations":[{"start":{"line":113,"column":6},"end":{"line":115,"column":7}},{"start":{},"end":{}}],"line":113}},"s":{"0":1,"1":0,"2":0,"3":0,"4":0,"5":0,"6":0,"7":0,"8":0,"9":0,"10":0,"11":0,"12":0,"13":0,"14":0,"15":0,"16":0,"17":0,"18":0,"19":0,"20":0,"21":0,"22":0,"23":0,"24":0,"25":0,"26":0,"27":0,"28":3,"29":3,"30":1,"31":2,"32":1,"33":1,"34":1,"35":1,"36":1,"37":0,"38":0,"39":0,"40":0,"41":0,"42":0,"43":0,"44":0,"45":0,"46":0,"47":0,"48":0,"49":0,"50":0,"51":0,"52":0,"53":0,"54":0,"55":0,"56":0,"57":0,"58":0,"59":0,"60":0,"61":0,"62":0,"63":0,"64":1,"65":0,"66":1},"f":{"0":0,"1":0,"2":0,"3":0,"4":0,"5":3,"6":3,"7":1,"8":0,"9":0,"10":0,"11":0,"12":0,"13":0,"14":0,"15":0,"16":0},"b":{"0":[0,0],"1":[0,0],"2":[0,0],"3":[0,0],"4":[0,0],"5":[1,2],"6":[1,1],"7":[0,0],"8":[0,0],"9":[0,0],"10":[0,0],"11":[0,0]},"_coverageSchema":"1a1c01bbd47fc00a2c39e90264f33305004495a9","hash":"341496deb8b5df7be9d42d91fc30a499bd009092"}
}
