TN:
SF:auth.js
FN:4,login
FN:15,(anonymous_1)
FN:19,(anonymous_2)
FN:33,(anonymous_3)
FN:44,(anonymous_4)
FN:55,fetchAccessToken
FN:59,(anonymous_6)
FN:69,(anonymous_7)
FN:75,logout
FN:85,getCookie
FN:96,setCookie
FN:106,generateRandomCookie
FN:114,deleteCookie
FN:118,fetchLogout
FN:122,(anonymous_14)
FN:129,(anonymous_15)
FN:133,(anonymous_16)
FNF:17
FNH:15
FNDA:2,login
FNDA:15,(anonymous_1)
FNDA:0,(anonymous_2)
FNDA:15,(anonymous_3)
FNDA:1,(anonymous_4)
FNDA:18,fetchAccessToken
FNDA:18,(anonymous_6)
FNDA:16,(anonymous_7)
FNDA:2,logout
FNDA:7,getCookie
FNDA:6,setCookie
FNDA:2,generateRandomCookie
FNDA:3,deleteCookie
FNDA:1,fetchLogout
FNDA:1,(anonymous_14)
FNDA:1,(anonymous_15)
FNDA:0,(anonymous_16)
DA:2,1
DA:5,2
DA:6,2
DA:7,1
DA:8,1
DA:9,1
DA:10,1
DA:12,1
DA:13,1
DA:14,1
DA:15,1
DA:16,15
DA:17,15
DA:18,15
DA:20,0
DA:21,0
DA:22,0
DA:23,0
DA:24,0
DA:25,0
DA:30,0
DA:34,15
DA:35,15
DA:38,0
DA:39,0
DA:44,1
DA:45,1
DA:46,1
DA:47,1
DA:51,1
DA:56,18
DA:60,18
DA:61,16
DA:62,2
DA:63,1
DA:64,1
DA:66,1
DA:70,16
DA:71,16
DA:76,2
DA:77,2
DA:78,2
DA:79,1
DA:81,1
DA:86,7
DA:87,7
DA:88,13
DA:89,13
DA:90,3
DA:93,4
DA:97,6
DA:98,6
DA:99,6
DA:100,6
DA:101,6
DA:103,6
DA:108,2
DA:110,2
DA:111,2
DA:115,3
DA:119,1
DA:120,1
DA:121,1
DA:123,1
DA:124,1
DA:126,0
DA:130,1
DA:131,1
DA:134,0
DA:138,1
LF:70
LH:59
BRDA:6,0,0,1
BRDA:6,0,1,1
BRDA:17,1,0,15
BRDA:17,1,1,0
BRDA:20,2,0,0
BRDA:20,2,1,0
BRDA:21,3,0,0
BRDA:21,3,1,0
BRDA:46,4,0,1
BRDA:46,4,1,0
BRDA:60,5,0,16
BRDA:60,5,1,2
BRDA:62,6,0,1
BRDA:62,6,1,1
BRDA:78,7,0,1
BRDA:78,7,1,1
BRDA:89,8,0,3
BRDA:89,8,1,10
BRDA:98,9,0,6
BRDA:98,9,1,0
BRDA:103,10,0,6
BRDA:103,10,1,0
BRDA:123,11,0,1
BRDA:123,11,1,0
BRF:24
BRH:15
end_of_record
