TN:
SF:auth.js
FN:4,login
FN:14,(anonymous_1)
FN:18,(anonymous_2)
FN:32,(anonymous_3)
FN:43,(anonymous_4)
FN:52,fetchAccessToken
FN:56,(anonymous_6)
FN:66,(anonymous_7)
FN:72,logout
FN:79,getCookie
FN:90,setCookie
FN:100,generateRandomCookie
FN:108,fetchLogout
FN:112,(anonymous_13)
FN:117,(anonymous_14)
FN:123,deleteCookie
FN:127,(anonymous_16)
FNF:17
FNH:3
FNDA:0,login
FNDA:0,(anonymous_1)
FNDA:0,(anonymous_2)
FNDA:0,(anonymous_3)
FNDA:0,(anonymous_4)
FNDA:3,fetchAccessToken
FNDA:3,(anonymous_6)
FNDA:1,(anonymous_7)
FNDA:0,logout
FNDA:0,getCookie
FNDA:0,setCookie
FNDA:0,generateRandomCookie
FNDA:0,fetchLogout
FNDA:0,(anonymous_13)
FNDA:0,(anonymous_14)
FNDA:0,deleteCookie
FNDA:0,(anonymous_16)
DA:2,1
DA:5,0
DA:6,0
DA:7,0
DA:8,0
DA:9,0
DA:11,0
DA:12,0
DA:13,0
DA:14,0
DA:15,0
DA:16,0
DA:17,0
DA:19,0
DA:20,0
DA:21,0
DA:22,0
DA:23,0
DA:24,0
DA:29,0
DA:33,0
DA:34,0
DA:37,0
DA:38,0
DA:43,0
DA:44,0
DA:45,0
DA:46,0
DA:53,3
DA:57,3
DA:58,1
DA:59,2
DA:60,1
DA:61,1
DA:63,1
DA:67,1
DA:68,1
DA:73,0
DA:74,0
DA:75,0
DA:80,0
DA:81,0
DA:82,0
DA:83,0
DA:84,0
DA:87,0
DA:91,0
DA:92,0
DA:93,0
DA:94,0
DA:95,0
DA:97,0
DA:102,0
DA:104,0
DA:105,0
DA:109,0
DA:110,0
DA:111,0
DA:113,0
DA:114,0
DA:118,0
DA:119,0
DA:124,0
DA:127,1
DA:128,0
DA:131,1
LF:66
LH:12
BRDA:6,0,0,0
BRDA:6,0,1,0
BRDA:16,1,0,0
BRDA:16,1,1,0
BRDA:19,2,0,0
BRDA:19,2,1,0
BRDA:20,3,0,0
BRDA:20,3,1,0
BRDA:45,4,0,0
BRDA:45,4,1,0
BRDA:57,5,0,1
BRDA:57,5,1,2
BRDA:59,6,0,1
BRDA:59,6,1,1
BRDA:74,7,0,0
BRDA:74,7,1,0
BRDA:83,8,0,0
BRDA:83,8,1,0
BRDA:92,9,0,0
BRDA:92,9,1,0
BRDA:97,10,0,0
BRDA:97,10,1,0
BRDA:113,11,0,0
BRDA:113,11,1,0
BRF:24
BRH:4
end_of_record
